[0409/093744:WARNING:resource_bundle.cc(304)] locale_file_path.empty()
[0409/093744:ERROR:main_delegate.cc(564)] Could not load locale pak for en-US
[0409/093744:ERROR:main_delegate.cc(571)] Could not load cef.pak
[0409/093744:ERROR:main_delegate.cc(588)] Could not load cef_100_percent.pak
[0409/093744:WARNING:resource_bundle.cc(497)] locale resources are not loaded
[0409/093744:WARNING:resource_bundle.cc(304)] locale_file_path.empty()
[0409/093744:ERROR:main_delegate.cc(564)] Could not load locale pak for en-US
[0409/093744:ERROR:main_delegate.cc(571)] Could not load cef.pak
[0409/093744:ERROR:main_delegate.cc(588)] Could not load cef_100_percent.pak
[0409/093750:WARNING:resource_bundle.cc(304)] locale_file_path.empty()
[0409/093750:ERROR:main_delegate.cc(564)] Could not load locale pak for en-US
[0409/093750:ERROR:main_delegate.cc(571)] Could not load cef.pak
[0409/093750:ERROR:main_delegate.cc(588)] Could not load cef_100_percent.pak
[0409/093750:ERROR:renderer_main.cc(207)] Running without renderer sandbox
[0409/093823:WARNING:resource_bundle.cc(304)] locale_file_path.empty()
[0409/093823:ERROR:main_delegate.cc(564)] Could not load locale pak for en-US
[0409/093823:ERROR:main_delegate.cc(571)] Could not load cef.pak
[0409/093823:ERROR:main_delegate.cc(588)] Could not load cef_100_percent.pak
[0409/093823:WARNING:resource_bundle.cc(497)] locale resources are not loaded
[0409/093823:WARNING:resource_bundle.cc(304)] locale_file_path.empty()
[0409/093823:ERROR:main_delegate.cc(564)] Could not load locale pak for en-US
[0409/093823:ERROR:main_delegate.cc(571)] Could not load cef.pak
[0409/093823:ERROR:main_delegate.cc(588)] Could not load cef_100_percent.pak
[0409/093829:WARNING:resource_bundle.cc(304)] locale_file_path.empty()
[0409/093829:ERROR:main_delegate.cc(564)] Could not load locale pak for en-US
[0409/093829:ERROR:main_delegate.cc(571)] Could not load cef.pak
[0409/093829:ERROR:main_delegate.cc(588)] Could not load cef_100_percent.pak
[0409/093829:ERROR:renderer_main.cc(207)] Running without renderer sandbox
[0409/094842:WARNING:resource_bundle.cc(304)] locale_file_path.empty()
[0409/094842:ERROR:main_delegate.cc(564)] Could not load locale pak for en-US
[0409/094842:ERROR:main_delegate.cc(571)] Could not load cef.pak
[0409/094842:ERROR:main_delegate.cc(588)] Could not load cef_100_percent.pak
[0409/094842:WARNING:resource_bundle.cc(497)] locale resources are not loaded
[0409/094842:WARNING:resource_bundle.cc(304)] locale_file_path.empty()
[0409/094842:ERROR:main_delegate.cc(564)] Could not load locale pak for en-US
[0409/094842:ERROR:main_delegate.cc(571)] Could not load cef.pak
[0409/094842:ERROR:main_delegate.cc(588)] Could not load cef_100_percent.pak
[0409/094847:WARNING:resource_bundle.cc(304)] locale_file_path.empty()
[0409/094847:ERROR:main_delegate.cc(564)] Could not load locale pak for en-US
[0409/094847:ERROR:main_delegate.cc(571)] Could not load cef.pak
[0409/094847:ERROR:main_delegate.cc(588)] Could not load cef_100_percent.pak
[0409/094847:ERROR:renderer_main.cc(207)] Running without renderer sandbox
[0409/102326:WARNING:resource_bundle.cc(304)] locale_file_path.empty()
[0409/102326:ERROR:main_delegate.cc(564)] Could not load locale pak for en-US
[0409/102326:ERROR:main_delegate.cc(571)] Could not load cef.pak
[0409/102326:ERROR:main_delegate.cc(588)] Could not load cef_100_percent.pak
[0409/102326:WARNING:resource_bundle.cc(497)] locale resources are not loaded
[0409/102327:WARNING:resource_bundle.cc(304)] locale_file_path.empty()
[0409/102327:ERROR:main_delegate.cc(564)] Could not load locale pak for en-US
[0409/102327:ERROR:main_delegate.cc(571)] Could not load cef.pak
[0409/102327:ERROR:main_delegate.cc(588)] Could not load cef_100_percent.pak
[0409/102336:WARNING:resource_bundle.cc(304)] locale_file_path.empty()
[0409/102336:ERROR:main_delegate.cc(564)] Could not load locale pak for en-US
[0409/102336:ERROR:main_delegate.cc(571)] Could not load cef.pak
[0409/102336:ERROR:main_delegate.cc(588)] Could not load cef_100_percent.pak
[0409/102336:ERROR:renderer_main.cc(207)] Running without renderer sandbox
[0409/102423:WARNING:resource_bundle.cc(304)] locale_file_path.empty()
[0409/102423:ERROR:main_delegate.cc(564)] Could not load locale pak for en-US
[0409/102423:ERROR:main_delegate.cc(571)] Could not load cef.pak
[0409/102423:ERROR:main_delegate.cc(588)] Could not load cef_100_percent.pak
[0409/102423:WARNING:resource_bundle.cc(497)] locale resources are not loaded
[0409/102423:WARNING:resource_bundle.cc(304)] locale_file_path.empty()
[0409/102423:ERROR:main_delegate.cc(564)] Could not load locale pak for en-US
[0409/102423:ERROR:main_delegate.cc(571)] Could not load cef.pak
[0409/102423:ERROR:main_delegate.cc(588)] Could not load cef_100_percent.pak
[0409/102423:WARNING:resource_bundle.cc(497)] locale resources are not loaded
[0409/102423:WARNING:resource_bundle.cc(304)] locale_file_path.empty()
[0409/102423:ERROR:main_delegate.cc(564)] Could not load locale pak for en-US
[0409/102423:ERROR:main_delegate.cc(571)] Could not load cef.pak
[0409/102423:ERROR:main_delegate.cc(588)] Could not load cef_100_percent.pak
[0409/102423:WARNING:resource_bundle.cc(304)] locale_file_path.empty()
[0409/102423:ERROR:main_delegate.cc(564)] Could not load locale pak for en-US
[0409/102423:ERROR:main_delegate.cc(571)] Could not load cef.pak
[0409/102423:ERROR:main_delegate.cc(588)] Could not load cef_100_percent.pak
[0409/102438:WARNING:resource_bundle.cc(304)] locale_file_path.empty()
[0409/102438:ERROR:main_delegate.cc(564)] Could not load locale pak for en-US
[0409/102438:ERROR:main_delegate.cc(571)] Could not load cef.pak
[0409/102438:ERROR:main_delegate.cc(588)] Could not load cef_100_percent.pak
[0409/102438:ERROR:renderer_main.cc(207)] Running without renderer sandbox
[0409/102442:WARNING:resource_bundle.cc(304)] locale_file_path.empty()
[0409/102442:ERROR:main_delegate.cc(564)] Could not load locale pak for en-US
[0409/102442:ERROR:main_delegate.cc(571)] Could not load cef.pak
[0409/102442:ERROR:main_delegate.cc(588)] Could not load cef_100_percent.pak
[0409/102442:ERROR:renderer_main.cc(207)] Running without renderer sandbox
[0409/111814:WARNING:resource_bundle.cc(304)] locale_file_path.empty()
[0409/111814:ERROR:main_delegate.cc(564)] Could not load locale pak for en-US
[0409/111814:ERROR:main_delegate.cc(571)] Could not load cef.pak
[0409/111814:ERROR:main_delegate.cc(588)] Could not load cef_100_percent.pak
[0409/111814:WARNING:resource_bundle.cc(497)] locale resources are not loaded
[0409/111814:WARNING:resource_bundle.cc(304)] locale_file_path.empty()
[0409/111814:ERROR:main_delegate.cc(564)] Could not load locale pak for en-US
[0409/111814:ERROR:main_delegate.cc(571)] Could not load cef.pak
[0409/111814:ERROR:main_delegate.cc(588)] Could not load cef_100_percent.pak
[0409/111822:WARNING:resource_bundle.cc(304)] locale_file_path.empty()
[0409/111822:ERROR:main_delegate.cc(564)] Could not load locale pak for en-US
[0409/111822:ERROR:main_delegate.cc(571)] Could not load cef.pak
[0409/111822:ERROR:main_delegate.cc(588)] Could not load cef_100_percent.pak
[0409/111822:ERROR:renderer_main.cc(207)] Running without renderer sandbox
[0409/112556:WARNING:resource_bundle.cc(304)] locale_file_path.empty()
[0409/112556:ERROR:main_delegate.cc(564)] Could not load locale pak for en-US
[0409/112556:ERROR:main_delegate.cc(571)] Could not load cef.pak
[0409/112556:ERROR:main_delegate.cc(588)] Could not load cef_100_percent.pak
[0409/112556:WARNING:resource_bundle.cc(497)] locale resources are not loaded
[0409/112556:WARNING:resource_bundle.cc(304)] locale_file_path.empty()
[0409/112556:ERROR:main_delegate.cc(564)] Could not load locale pak for en-US
[0409/112556:ERROR:main_delegate.cc(571)] Could not load cef.pak
[0409/112556:ERROR:main_delegate.cc(588)] Could not load cef_100_percent.pak
[0409/112556:WARNING:resource_bundle.cc(497)] locale resources are not loaded
[0409/112557:WARNING:resource_bundle.cc(304)] locale_file_path.empty()
[0409/112557:ERROR:main_delegate.cc(564)] Could not load locale pak for en-US
[0409/112557:ERROR:main_delegate.cc(571)] Could not load cef.pak
[0409/112557:ERROR:main_delegate.cc(588)] Could not load cef_100_percent.pak
[0409/112557:WARNING:resource_bundle.cc(304)] locale_file_path.empty()
[0409/112557:ERROR:main_delegate.cc(564)] Could not load locale pak for en-US
[0409/112557:ERROR:main_delegate.cc(571)] Could not load cef.pak
[0409/112557:ERROR:main_delegate.cc(588)] Could not load cef_100_percent.pak
[0409/112602:WARNING:resource_bundle.cc(304)] locale_file_path.empty()
[0409/112602:ERROR:main_delegate.cc(564)] Could not load locale pak for en-US
[0409/112602:ERROR:main_delegate.cc(571)] Could not load cef.pak
[0409/112602:ERROR:main_delegate.cc(588)] Could not load cef_100_percent.pak
[0409/112602:ERROR:renderer_main.cc(207)] Running without renderer sandbox
[0409/112607:WARNING:resource_bundle.cc(304)] locale_file_path.empty()
[0409/112607:ERROR:main_delegate.cc(564)] Could not load locale pak for en-US
[0409/112607:ERROR:main_delegate.cc(571)] Could not load cef.pak
[0409/112607:ERROR:main_delegate.cc(588)] Could not load cef_100_percent.pak
[0409/112607:WARNING:resource_bundle.cc(497)] locale resources are not loaded
[0409/112608:WARNING:resource_bundle.cc(304)] locale_file_path.empty()
[0409/112608:ERROR:main_delegate.cc(564)] Could not load locale pak for en-US
[0409/112608:ERROR:main_delegate.cc(571)] Could not load cef.pak
[0409/112608:ERROR:main_delegate.cc(588)] Could not load cef_100_percent.pak
[0409/112610:WARNING:resource_bundle.cc(304)] locale_file_path.empty()
[0409/112610:ERROR:main_delegate.cc(564)] Could not load locale pak for en-US
[0409/112610:ERROR:main_delegate.cc(571)] Could not load cef.pak
[0409/112610:ERROR:main_delegate.cc(588)] Could not load cef_100_percent.pak
[0409/112610:WARNING:resource_bundle.cc(497)] locale resources are not loaded
[0409/112610:WARNING:resource_bundle.cc(304)] locale_file_path.empty()
[0409/112610:ERROR:main_delegate.cc(564)] Could not load locale pak for en-US
[0409/112610:ERROR:main_delegate.cc(571)] Could not load cef.pak
[0409/112610:ERROR:main_delegate.cc(588)] Could not load cef_100_percent.pak
[0409/112616:WARNING:resource_bundle.cc(304)] locale_file_path.empty()
[0409/112616:ERROR:main_delegate.cc(564)] Could not load locale pak for en-US
[0409/112616:ERROR:main_delegate.cc(571)] Could not load cef.pak
[0409/112616:ERROR:main_delegate.cc(588)] Could not load cef_100_percent.pak
[0409/112616:ERROR:renderer_main.cc(207)] Running without renderer sandbox
[0409/112618:WARNING:resource_bundle.cc(304)] locale_file_path.empty()
[0409/112618:ERROR:main_delegate.cc(564)] Could not load locale pak for en-US
[0409/112618:ERROR:main_delegate.cc(571)] Could not load cef.pak
[0409/112618:ERROR:main_delegate.cc(588)] Could not load cef_100_percent.pak
[0409/112618:WARNING:resource_bundle.cc(497)] locale resources are not loaded
[0409/112618:WARNING:resource_bundle.cc(304)] locale_file_path.empty()
[0409/112618:ERROR:main_delegate.cc(564)] Could not load locale pak for en-US
[0409/112618:ERROR:main_delegate.cc(571)] Could not load cef.pak
[0409/112618:ERROR:main_delegate.cc(588)] Could not load cef_100_percent.pak
[0409/112620:WARNING:resource_bundle.cc(304)] locale_file_path.empty()
[0409/112620:ERROR:main_delegate.cc(564)] Could not load locale pak for en-US
[0409/112620:ERROR:main_delegate.cc(571)] Could not load cef.pak
[0409/112620:ERROR:main_delegate.cc(588)] Could not load cef_100_percent.pak
[0409/112620:WARNING:resource_bundle.cc(497)] locale resources are not loaded
[0409/112620:WARNING:resource_bundle.cc(304)] locale_file_path.empty()
[0409/112620:ERROR:main_delegate.cc(564)] Could not load locale pak for en-US
[0409/112620:ERROR:main_delegate.cc(571)] Could not load cef.pak
[0409/112620:ERROR:main_delegate.cc(588)] Could not load cef_100_percent.pak
[0409/112629:WARNING:resource_bundle.cc(304)] locale_file_path.empty()
[0409/112629:ERROR:main_delegate.cc(564)] Could not load locale pak for en-US
[0409/112629:ERROR:main_delegate.cc(571)] Could not load cef.pak
[0409/112629:ERROR:main_delegate.cc(588)] Could not load cef_100_percent.pak
[0409/112629:ERROR:renderer_main.cc(207)] Running without renderer sandbox
[0409/112639:WARNING:resource_bundle.cc(304)] locale_file_path.empty()
[0409/112639:ERROR:main_delegate.cc(564)] Could not load locale pak for en-US
[0409/112639:ERROR:main_delegate.cc(571)] Could not load cef.pak
[0409/112639:ERROR:main_delegate.cc(588)] Could not load cef_100_percent.pak
[0409/112639:WARNING:resource_bundle.cc(497)] locale resources are not loaded
[0409/112639:WARNING:resource_bundle.cc(304)] locale_file_path.empty()
[0409/112639:ERROR:main_delegate.cc(564)] Could not load locale pak for en-US
[0409/112639:ERROR:main_delegate.cc(571)] Could not load cef.pak
[0409/112639:ERROR:main_delegate.cc(588)] Could not load cef_100_percent.pak
[0409/112641:WARNING:resource_bundle.cc(304)] locale_file_path.empty()
[0409/112641:ERROR:main_delegate.cc(564)] Could not load locale pak for en-US
[0409/112641:ERROR:main_delegate.cc(571)] Could not load cef.pak
[0409/112641:ERROR:main_delegate.cc(588)] Could not load cef_100_percent.pak
[0409/112641:ERROR:renderer_main.cc(207)] Running without renderer sandbox
[0409/112645:WARNING:resource_bundle.cc(304)] locale_file_path.empty()
[0409/112645:ERROR:main_delegate.cc(564)] Could not load locale pak for en-US
[0409/112645:ERROR:main_delegate.cc(571)] Could not load cef.pak
[0409/112645:ERROR:main_delegate.cc(588)] Could not load cef_100_percent.pak
[0409/112645:WARNING:resource_bundle.cc(497)] locale resources are not loaded
[0409/112645:WARNING:resource_bundle.cc(304)] locale_file_path.empty()
[0409/112645:ERROR:main_delegate.cc(564)] Could not load locale pak for en-US
[0409/112645:ERROR:main_delegate.cc(571)] Could not load cef.pak
[0409/112645:ERROR:main_delegate.cc(588)] Could not load cef_100_percent.pak
[0409/130525:WARNING:resource_bundle.cc(304)] locale_file_path.empty()
[0409/130525:ERROR:main_delegate.cc(564)] Could not load locale pak for en-US
[0409/130525:ERROR:main_delegate.cc(571)] Could not load cef.pak
[0409/130525:ERROR:main_delegate.cc(588)] Could not load cef_100_percent.pak
[0409/130525:ERROR:main_delegate.cc(571)] Could not load cef.pak
[0409/130525:ERROR:main_delegate.cc(588)] Could not load cef_100_percent.pak
[0409/130526:WARNING:resource_bundle.cc(497)] locale resources are not loaded
[0409/130526:WARNING:resource_bundle.cc(497)] locale resources are not loaded
[0409/130526:WARNING:resource_bundle.cc(304)] locale_file_path.empty()
[0409/130526:ERROR:main_delegate.cc(564)] Could not load locale pak for en-US
[0409/130526:ERROR:main_delegate.cc(571)] Could not load cef.pak
[0409/130526:ERROR:main_delegate.cc(588)] Could not load cef_100_percent.pak
[0409/130527:WARNING:resource_bundle.cc(304)] locale_file_path.empty()
[0409/130527:ERROR:main_delegate.cc(564)] Could not load locale pak for en-US
[0409/130527:ERROR:main_delegate.cc(571)] Could not load cef.pak
[0409/130527:ERROR:main_delegate.cc(588)] Could not load cef_100_percent.pak
[0409/130541:WARNING:resource_bundle.cc(304)] locale_file_path.empty()
[0409/130541:ERROR:main_delegate.cc(564)] Could not load locale pak for en-US
[0409/130541:ERROR:main_delegate.cc(571)] Could not load cef.pak
[0409/130541:ERROR:main_delegate.cc(588)] Could not load cef_100_percent.pak
[0409/130541:WARNING:resource_bundle.cc(304)] locale_file_path.empty()
[0409/130541:ERROR:main_delegate.cc(564)] Could not load locale pak for en-US
[0409/130541:ERROR:main_delegate.cc(571)] Could not load cef.pak
[0409/130541:ERROR:main_delegate.cc(588)] Could not load cef_100_percent.pak
[0409/130541:ERROR:renderer_main.cc(207)] Running without renderer sandbox
[0409/130541:ERROR:renderer_main.cc(207)] Running without renderer sandbox
[0409/163253:WARNING:resource_bundle.cc(304)] locale_file_path.empty()
[0409/163253:ERROR:main_delegate.cc(564)] Could not load locale pak for en-US
[0409/163253:WARNING:resource_bundle.cc(304)] locale_file_path.empty()
[0409/163253:ERROR:main_delegate.cc(571)] Could not load cef.pak
[0409/163253:ERROR:main_delegate.cc(564)] Could not load locale pak for en-US
[0409/163253:ERROR:main_delegate.cc(588)] Could not load cef_100_percent.pak
[0409/163253:ERROR:main_delegate.cc(571)] Could not load cef.pak
[0409/163253:ERROR:main_delegate.cc(588)] Could not load cef_100_percent.pak
[0409/163253:WARNING:resource_bundle.cc(497)] locale resources are not loaded
[0409/163253:WARNING:resource_bundle.cc(497)] locale resources are not loaded
[0409/163253:WARNING:resource_bundle.cc(304)] locale_file_path.empty()
[0409/163253:ERROR:main_delegate.cc(564)] Could not load locale pak for en-US
[0409/163253:ERROR:main_delegate.cc(571)] Could not load cef.pak
[0409/163253:ERROR:main_delegate.cc(588)] Could not load cef_100_percent.pak
[0409/163253:WARNING:resource_bundle.cc(304)] locale_file_path.empty()
[0409/163253:ERROR:main_delegate.cc(564)] Could not load locale pak for en-US
[0409/163253:ERROR:main_delegate.cc(571)] Could not load cef.pak
[0409/163253:ERROR:main_delegate.cc(588)] Could not load cef_100_percent.pak
[0409/163253:WARNING:resource_bundle.cc(304)] locale_file_path.empty()
[0409/163253:ERROR:main_delegate.cc(564)] Could not load locale pak for en-US
[0409/163253:ERROR:main_delegate.cc(571)] Could not load cef.pak
[0409/163253:ERROR:main_delegate.cc(588)] Could not load cef_100_percent.pak
[0409/163253:WARNING:resource_bundle.cc(497)] locale resources are not loaded
[0409/163254:WARNING:resource_bundle.cc(304)] locale_file_path.empty()
[0409/163254:ERROR:main_delegate.cc(564)] Could not load locale pak for en-US
[0409/163254:ERROR:main_delegate.cc(571)] Could not load cef.pak
[0409/163254:ERROR:main_delegate.cc(588)] Could not load cef_100_percent.pak
[0409/163301:WARNING:resource_bundle.cc(304)] locale_file_path.empty()
[0409/163301:ERROR:main_delegate.cc(564)] Could not load locale pak for en-US
[0409/163301:ERROR:main_delegate.cc(571)] Could not load cef.pak
[0409/163301:ERROR:main_delegate.cc(588)] Could not load cef_100_percent.pak
[0409/163302:WARNING:resource_bundle.cc(497)] locale resources are not loaded
[0409/163302:WARNING:resource_bundle.cc(304)] locale_file_path.empty()
[0409/163302:ERROR:main_delegate.cc(564)] Could not load locale pak for en-US
[0409/163302:ERROR:main_delegate.cc(571)] Could not load cef.pak
[0409/163302:ERROR:main_delegate.cc(588)] Could not load cef_100_percent.pak
[0409/163302:WARNING:resource_bundle.cc(304)] locale_file_path.empty()
[0409/163302:ERROR:main_delegate.cc(564)] Could not load locale pak for en-US
[0409/163302:ERROR:main_delegate.cc(571)] Could not load cef.pak
[0409/163302:ERROR:main_delegate.cc(588)] Could not load cef_100_percent.pak
[0409/163303:ERROR:renderer_main.cc(207)] Running without renderer sandbox
[0409/163305:WARNING:resource_bundle.cc(304)] locale_file_path.empty()
[0409/163305:ERROR:main_delegate.cc(564)] Could not load locale pak for en-US
[0409/163305:ERROR:main_delegate.cc(571)] Could not load cef.pak
[0409/163305:ERROR:main_delegate.cc(588)] Could not load cef_100_percent.pak
[0409/163305:ERROR:renderer_main.cc(207)] Running without renderer sandbox
[0409/163306:WARNING:resource_bundle.cc(304)] locale_file_path.empty()
[0409/163306:ERROR:main_delegate.cc(564)] Could not load locale pak for en-US
[0409/163306:ERROR:main_delegate.cc(571)] Could not load cef.pak
[0409/163306:ERROR:main_delegate.cc(588)] Could not load cef_100_percent.pak
[0409/163306:ERROR:renderer_main.cc(207)] Running without renderer sandbox
[0409/163315:WARNING:resource_bundle.cc(304)] locale_file_path.empty()
[0409/163315:ERROR:main_delegate.cc(564)] Could not load locale pak for en-US
[0409/163315:ERROR:main_delegate.cc(571)] Could not load cef.pak
[0409/163315:ERROR:main_delegate.cc(588)] Could not load cef_100_percent.pak
[0409/163315:ERROR:renderer_main.cc(207)] Running without renderer sandbox
[0410/190815:WARNING:resource_bundle.cc(304)] locale_file_path.empty()
[0410/190815:ERROR:main_delegate.cc(564)] Could not load locale pak for en-US
[0410/190815:ERROR:main_delegate.cc(571)] Could not load cef.pak
[0410/190815:ERROR:main_delegate.cc(588)] Could not load cef_100_percent.pak
[0410/190816:WARNING:resource_bundle.cc(497)] locale resources are not loaded
[0410/190817:WARNING:resource_bundle.cc(304)] locale_file_path.empty()
[0410/190817:ERROR:main_delegate.cc(564)] Could not load locale pak for en-US
[0410/190817:ERROR:main_delegate.cc(571)] Could not load cef.pak
[0410/190817:ERROR:main_delegate.cc(588)] Could not load cef_100_percent.pak
[0410/190829:WARNING:resource_bundle.cc(304)] locale_file_path.empty()
[0410/190829:ERROR:main_delegate.cc(564)] Could not load locale pak for en-US
[0410/190829:ERROR:main_delegate.cc(571)] Could not load cef.pak
[0410/190829:ERROR:main_delegate.cc(588)] Could not load cef_100_percent.pak
[0410/190830:ERROR:renderer_main.cc(207)] Running without renderer sandbox
[0410/190937:WARNING:resource_bundle.cc(304)] locale_file_path.empty()
[0410/190937:ERROR:main_delegate.cc(564)] Could not load locale pak for en-US
[0410/190937:ERROR:main_delegate.cc(571)] Could not load cef.pak
[0410/190937:ERROR:main_delegate.cc(588)] Could not load cef_100_percent.pak
[0410/190937:WARNING:resource_bundle.cc(497)] locale resources are not loaded
[0410/190937:WARNING:resource_bundle.cc(304)] locale_file_path.empty()
[0410/190937:ERROR:main_delegate.cc(564)] Could not load locale pak for en-US
[0410/190937:ERROR:main_delegate.cc(571)] Could not load cef.pak
[0410/190937:ERROR:main_delegate.cc(588)] Could not load cef_100_percent.pak
[0410/190937:WARNING:resource_bundle.cc(304)] locale_file_path.empty()
[0410/190937:ERROR:main_delegate.cc(564)] Could not load locale pak for en-US
[0410/190937:ERROR:main_delegate.cc(571)] Could not load cef.pak
[0410/190937:ERROR:main_delegate.cc(588)] Could not load cef_100_percent.pak
[0410/190937:WARNING:resource_bundle.cc(497)] locale resources are not loaded
[0410/190937:WARNING:resource_bundle.cc(304)] locale_file_path.empty()
[0410/190937:ERROR:main_delegate.cc(564)] Could not load locale pak for en-US
[0410/190937:ERROR:main_delegate.cc(571)] Could not load cef.pak
[0410/190937:ERROR:main_delegate.cc(588)] Could not load cef_100_percent.pak
[0410/190937:WARNING:resource_bundle.cc(304)] locale_file_path.empty()
[0410/190937:ERROR:main_delegate.cc(564)] Could not load locale pak for en-US
[0410/190937:ERROR:main_delegate.cc(571)] Could not load cef.pak
[0410/190937:ERROR:main_delegate.cc(588)] Could not load cef_100_percent.pak
[0410/190937:WARNING:resource_bundle.cc(497)] locale resources are not loaded
[0410/190938:WARNING:resource_bundle.cc(304)] locale_file_path.empty()
[0410/190938:ERROR:main_delegate.cc(564)] Could not load locale pak for en-US
[0410/190938:ERROR:main_delegate.cc(571)] Could not load cef.pak
[0410/190938:ERROR:main_delegate.cc(588)] Could not load cef_100_percent.pak
[0410/190941:WARNING:resource_bundle.cc(304)] locale_file_path.empty()
[0410/190941:ERROR:main_delegate.cc(564)] Could not load locale pak for en-US
[0410/190941:ERROR:main_delegate.cc(571)] Could not load cef.pak
[0410/190941:ERROR:main_delegate.cc(588)] Could not load cef_100_percent.pak
[0410/190941:WARNING:resource_bundle.cc(497)] locale resources are not loaded
[0410/190941:WARNING:resource_bundle.cc(304)] locale_file_path.empty()
[0410/190941:ERROR:main_delegate.cc(564)] Could not load locale pak for en-US
[0410/190941:ERROR:main_delegate.cc(571)] Could not load cef.pak
[0410/190941:ERROR:main_delegate.cc(588)] Could not load cef_100_percent.pak
[0410/190944:WARNING:resource_bundle.cc(304)] locale_file_path.empty()
[0410/190944:ERROR:main_delegate.cc(564)] Could not load locale pak for en-US
[0410/190944:ERROR:main_delegate.cc(571)] Could not load cef.pak
[0410/190944:ERROR:main_delegate.cc(588)] Could not load cef_100_percent.pak
[0410/190944:ERROR:renderer_main.cc(207)] Running without renderer sandbox
[0410/190944:WARNING:resource_bundle.cc(304)] locale_file_path.empty()
[0410/190944:ERROR:main_delegate.cc(564)] Could not load locale pak for en-US
[0410/190944:ERROR:main_delegate.cc(571)] Could not load cef.pak
[0410/190944:ERROR:main_delegate.cc(588)] Could not load cef_100_percent.pak
[0410/190944:ERROR:renderer_main.cc(207)] Running without renderer sandbox
[0410/190945:WARNING:resource_bundle.cc(304)] locale_file_path.empty()
[0410/190945:ERROR:main_delegate.cc(564)] Could not load locale pak for en-US
[0410/190945:ERROR:main_delegate.cc(571)] Could not load cef.pak
[0410/190945:ERROR:main_delegate.cc(588)] Could not load cef_100_percent.pak
[0410/190945:ERROR:renderer_main.cc(207)] Running without renderer sandbox
[0410/190948:WARNING:resource_bundle.cc(304)] locale_file_path.empty()
[0410/190948:ERROR:main_delegate.cc(564)] Could not load locale pak for en-US
[0410/190948:ERROR:main_delegate.cc(571)] Could not load cef.pak
[0410/190948:ERROR:main_delegate.cc(588)] Could not load cef_100_percent.pak
[0410/190948:ERROR:renderer_main.cc(207)] Running without renderer sandbox
[0410/191636:WARNING:resource_bundle.cc(304)] locale_file_path.empty()
[0410/191636:ERROR:main_delegate.cc(564)] Could not load locale pak for en-US
[0410/191636:ERROR:main_delegate.cc(571)] Could not load cef.pak
[0410/191636:ERROR:main_delegate.cc(588)] Could not load cef_100_percent.pak
[0410/191636:WARNING:resource_bundle.cc(497)] locale resources are not loaded
[0410/191636:WARNING:resource_bundle.cc(304)] locale_file_path.empty()
[0410/191636:ERROR:main_delegate.cc(564)] Could not load locale pak for en-US
[0410/191636:ERROR:main_delegate.cc(571)] Could not load cef.pak
[0410/191636:ERROR:main_delegate.cc(588)] Could not load cef_100_percent.pak
[0410/191636:WARNING:resource_bundle.cc(497)] locale resources are not loaded
[0410/191637:WARNING:resource_bundle.cc(304)] locale_file_path.empty()
[0410/191637:ERROR:main_delegate.cc(564)] Could not load locale pak for en-US
[0410/191637:ERROR:main_delegate.cc(571)] Could not load cef.pak
[0410/191637:ERROR:main_delegate.cc(588)] Could not load cef_100_percent.pak
[0410/191637:WARNING:resource_bundle.cc(304)] locale_file_path.empty()
[0410/191637:ERROR:main_delegate.cc(564)] Could not load locale pak for en-US
[0410/191637:ERROR:main_delegate.cc(571)] Could not load cef.pak
[0410/191637:ERROR:main_delegate.cc(588)] Could not load cef_100_percent.pak
[0410/191638:WARNING:resource_bundle.cc(304)] locale_file_path.empty()
[0410/191638:ERROR:main_delegate.cc(564)] Could not load locale pak for en-US
[0410/191638:ERROR:main_delegate.cc(571)] Could not load cef.pak
[0410/191638:ERROR:main_delegate.cc(588)] Could not load cef_100_percent.pak
[0410/191638:WARNING:resource_bundle.cc(497)] locale resources are not loaded
[0410/191638:WARNING:resource_bundle.cc(304)] locale_file_path.empty()
[0410/191638:ERROR:main_delegate.cc(564)] Could not load locale pak for en-US
[0410/191638:ERROR:main_delegate.cc(571)] Could not load cef.pak
[0410/191638:ERROR:main_delegate.cc(588)] Could not load cef_100_percent.pak
[0410/191639:WARNING:resource_bundle.cc(304)] locale_file_path.empty()
[0410/191639:ERROR:main_delegate.cc(564)] Could not load locale pak for en-US
[0410/191639:ERROR:main_delegate.cc(571)] Could not load cef.pak
[0410/191639:ERROR:main_delegate.cc(588)] Could not load cef_100_percent.pak
[0410/191639:WARNING:resource_bundle.cc(497)] locale resources are not loaded
[0410/191639:WARNING:resource_bundle.cc(304)] locale_file_path.empty()
[0410/191639:ERROR:main_delegate.cc(564)] Could not load locale pak for en-US
[0410/191639:ERROR:main_delegate.cc(571)] Could not load cef.pak
[0410/191639:ERROR:main_delegate.cc(588)] Could not load cef_100_percent.pak
[0410/191645:WARNING:resource_bundle.cc(304)] locale_file_path.empty()
[0410/191645:ERROR:main_delegate.cc(564)] Could not load locale pak for en-US
[0410/191645:ERROR:main_delegate.cc(571)] Could not load cef.pak
[0410/191645:ERROR:main_delegate.cc(588)] Could not load cef_100_percent.pak
[0410/191645:WARNING:resource_bundle.cc(304)] locale_file_path.empty()
[0410/191645:ERROR:main_delegate.cc(564)] Could not load locale pak for en-US
[0410/191645:ERROR:main_delegate.cc(571)] Could not load cef.pak
[0410/191645:ERROR:main_delegate.cc(588)] Could not load cef_100_percent.pak
[0410/191645:ERROR:renderer_main.cc(207)] Running without renderer sandbox
[0410/191645:ERROR:renderer_main.cc(207)] Running without renderer sandbox
[0410/191646:WARNING:resource_bundle.cc(304)] locale_file_path.empty()
[0410/191646:ERROR:main_delegate.cc(564)] Could not load locale pak for en-US
[0410/191646:ERROR:main_delegate.cc(571)] Could not load cef.pak
[0410/191646:ERROR:main_delegate.cc(588)] Could not load cef_100_percent.pak
[0410/191646:ERROR:renderer_main.cc(207)] Running without renderer sandbox
[0410/191648:WARNING:resource_bundle.cc(304)] locale_file_path.empty()
[0410/191648:ERROR:main_delegate.cc(564)] Could not load locale pak for en-US
[0410/191648:ERROR:main_delegate.cc(571)] Could not load cef.pak
[0410/191648:ERROR:main_delegate.cc(588)] Could not load cef_100_percent.pak
[0410/191648:ERROR:renderer_main.cc(207)] Running without renderer sandbox
[0410/220653:WARNING:resource_bundle.cc(304)] locale_file_path.empty()
[0410/220653:ERROR:main_delegate.cc(564)] Could not load locale pak for en-US
[0410/220653:ERROR:main_delegate.cc(571)] Could not load cef.pak
[0410/220653:ERROR:main_delegate.cc(588)] Could not load cef_100_percent.pak
[0410/220654:WARNING:resource_bundle.cc(497)] locale resources are not loaded
[0410/220654:WARNING:resource_bundle.cc(304)] locale_file_path.empty()
[0410/220654:ERROR:main_delegate.cc(564)] Could not load locale pak for en-US
[0410/220654:ERROR:main_delegate.cc(571)] Could not load cef.pak
[0410/220654:ERROR:main_delegate.cc(588)] Could not load cef_100_percent.pak
[0410/220710:WARNING:resource_bundle.cc(304)] locale_file_path.empty()
[0410/220710:ERROR:main_delegate.cc(564)] Could not load locale pak for en-US
[0410/220710:ERROR:main_delegate.cc(571)] Could not load cef.pak
[0410/220710:ERROR:main_delegate.cc(588)] Could not load cef_100_percent.pak
[0410/220710:ERROR:renderer_main.cc(207)] Running without renderer sandbox
[0410/220955:WARNING:resource_bundle.cc(304)] locale_file_path.empty()
[0410/220955:ERROR:main_delegate.cc(564)] Could not load locale pak for en-US
[0410/220955:ERROR:main_delegate.cc(571)] Could not load cef.pak
[0410/220955:ERROR:main_delegate.cc(588)] Could not load cef_100_percent.pak
[0410/220955:WARNING:resource_bundle.cc(497)] locale resources are not loaded
[0410/220955:WARNING:resource_bundle.cc(304)] locale_file_path.empty()
[0410/220955:ERROR:main_delegate.cc(564)] Could not load locale pak for en-US
[0410/220955:ERROR:main_delegate.cc(571)] Could not load cef.pak
[0410/220955:ERROR:main_delegate.cc(588)] Could not load cef_100_percent.pak
[0410/221000:WARNING:resource_bundle.cc(304)] locale_file_path.empty()
[0410/221000:ERROR:main_delegate.cc(564)] Could not load locale pak for en-US
[0410/221000:ERROR:main_delegate.cc(571)] Could not load cef.pak
[0410/221000:ERROR:main_delegate.cc(588)] Could not load cef_100_percent.pak
[0410/221000:ERROR:renderer_main.cc(207)] Running without renderer sandbox
